[32m2026-06-03 01:10:59 +0800[0m - dagster - [34mDEBUG[0m - olist_daily_pipeline - bede24cc-0b68-4fd8-91b5-3afa88e07085 - 167048 - LOGS_CAPTURED - Started capturing logs in process (pid: 167048).
[32m2026-06-03 01:10:59 +0800[0m - dagster - [34mDEBUG[0m - olist_daily_pipeline - bede24cc-0b68-4fd8-91b5-3afa88e07085 - 167048 - meltano_core_extract_load - STEP_START - Started execution of step "meltano_core_extract_load".
[32m2026-06-03 01:11:00 +0800[0m - dagster - [34mINFO[0m - olist_daily_pipeline - bede24cc-0b68-4fd8-91b5-3afa88e07085 - meltano_core_extract_load - Running: python ingestion/ingest_to_bigquery.py
[32m2026-06-03 01:11:56 +0800[0m - dagster - [34mINFO[0m - olist_daily_pipeline - bede24cc-0b68-4fd8-91b5-3afa88e07085 - meltano_core_extract_load -   olist-analytics-01.olist_raw
2026-06-03 01:11:01,265 | INFO     | olist.ingestion |   Mode:      Full Refresh
2026-06-03 01:11:01,265 | INFO     | olist.ingestion |   Dry run:   False
2026-06-03 01:11:01,265 | INFO     | olist.ingestion | ============================================================
2026-06-03 01:11:02,343 | INFO     | olist.ingestion | BigQuery client initialised for project: olist-analytics-01
2026-06-03 01:11:02,343 | INFO     | olist.ingestion | Loading orders from olist_orders_dataset.csv
2026-06-03 01:11:03,446 | INFO     | olist.ingestion |   Loaded 99441 rows × 10 cols
2026-06-03 01:11:11,048 | INFO     | olist.ingestion |   ✅ Loaded 99441 rows → olist-analytics-01.olist_raw.raw_orders (7.5s)
2026-06-03 01:11:11,049 | INFO     | olist.ingestion | Loading order_items from olist_order_items_dataset.csv
2026-06-03 01:11:11,448 | INFO     | olist.ingestion |   Loaded 112650 rows × 9 cols
2026-06-03 01:11:18,474 | INFO     | olist.ingestion |   ✅ Loaded 112650 rows → olist-analytics-01.olist_raw.raw_order_items (7.0s)
2026-06-03 01:11:18,474 | INFO     | olist.ingestion | Loading customers from olist_customers_dataset.csv
2026-06-03 01:11:18,582 | INFO     | olist.ingestion |   Loaded 99441 rows × 7 cols
2026-06-03 01:11:24,843 | INFO     | olist.ingestion |   ✅ Loaded 99441 rows → olist-analytics-01.olist_raw.raw_customers (6.2s)
2026-06-03 01:11:24,843 | INFO     | olist.ingestion | Loading products from olist_products_dataset.csv
2026-06-03 01:11:24,887 | INFO     | olist.ingestion |   Loaded 32951 rows × 11 cols
2026-06-03 01:11:30,260 | INFO     | olist.ingestion |   ✅ Loaded 32951 rows → olist-analytics-01.olist_raw.raw_products (5.4s)
2026-06-03 01:11:30,261 | INFO     | olist.ingestion | Loading sellers from olist_sellers_dataset.csv
2026-06-03 01:11:30,269 | INFO     | olist.ingestion |   Loaded 3095 rows × 6 cols
2026-06-03 01:11:34,257 | INFO     | olist.ingestion |   ✅ Loaded 3095 rows → olist-analytics-01.olist_raw.raw_sellers (4.0s)
2026-06-03 01:11:34,257 | INFO     | olist.ingestion | Loading payments from olist_order_payments_dataset.csv
2026-06-03 01:11:34,316 | INFO     | olist.ingestion |   Loaded 103886 rows × 7 cols
2026-06-03 01:11:39,288 | INFO     | olist.ingestion |   ✅ Loaded 103886 rows → olist-analytics-01.olist_raw.raw_order_payments (5.0s)
2026-06-03 01:11:39,288 | INFO     | olist.ingestion | Loading reviews from olist_order_reviews_dataset.csv
2026-06-03 01:11:39,513 | INFO     | olist.ingestion |   Loaded 99224 rows × 9 cols
2026-06-03 01:11:45,399 | INFO     | olist.ingestion |   ✅ Loaded 99224 rows → olist-analytics-01.olist_raw.raw_order_reviews (5.9s)
2026-06-03 01:11:45,399 | INFO     | olist.ingestion | Loading category_translation from product_category_name_translation.csv
2026-06-03 01:11:45,402 | INFO     | olist.ingestion |   Loaded 71 rows × 4 cols
2026-06-03 01:11:48,835 | INFO     | olist.ingestion |   ✅ Loaded 71 rows → olist-analytics-01.olist_raw.raw_category_translation (3.4s)
2026-06-03 01:11:48,836 | INFO     | olist.ingestion | Loading mql from olist_marketing_qualified_leads_dataset.csv
2026-06-03 01:11:48,856 | INFO     | olist.ingestion |   Loaded 8000 rows × 6 cols
2026-06-03 01:11:52,513 | INFO     | olist.ingestion |   ✅ Loaded 8000 rows → olist-analytics-01.olist_raw.raw_marketing_qualified_leads (3.6s)
2026-06-03 01:11:52,513 | INFO     | olist.ingestion | Loading closed_deals from olist_closed_deals_dataset.csv
2026-06-03 01:11:52,532 | INFO     | olist.ingestion |   Loaded 842 rows × 16 cols
2026-06-03 01:11:56,336 | INFO     | olist.ingestion |   ✅ Loaded 842 rows → olist-analytics-01.olist_raw.raw_closed_deals (3.8s)
2026-06-03 01:11:56,339 | INFO     | olist.ingestion | ============================================================
2026-06-03 01:11:56,339 | INFO     | olist.ingestion | INGESTION COMPLETE: 10 succeeded, 0 failed
2026-06-03 01:11:56,339 | INFO     | olist.ingestion | ============================================================

[32m2026-06-03 01:11:56 +0800[0m - dagster - [34mDEBUG[0m - olist_daily_pipeline - bede24cc-0b68-4fd8-91b5-3afa88e07085 - 167048 - meltano_core_extract_load - STEP_OUTPUT - Yielded output "result" of type "Nothing". (Type check passed).
[32m2026-06-03 01:11:56 +0800[0m - dagster - [34mDEBUG[0m - olist_daily_pipeline - bede24cc-0b68-4fd8-91b5-3afa88e07085 - 167048 - meltano_core_extract_load - ASSET_MATERIALIZATION - Materialized value meltano_core_extract_load.
[32m2026-06-03 01:11:56 +0800[0m - dagster - [34mDEBUG[0m - olist_daily_pipeline - bede24cc-0b68-4fd8-91b5-3afa88e07085 - 167048 - meltano_core_extract_load - STEP_SUCCESS - Finished execution of step "meltano_core_extract_load" in 56.9s.
