[32m2026-06-03 01:12:07 +0800[0m - dagster - [34mDEBUG[0m - olist_daily_pipeline - bede24cc-0b68-4fd8-91b5-3afa88e07085 - 170676 - LOGS_CAPTURED - Started capturing logs in process (pid: 170676).
[32m2026-06-03 01:12:07 +0800[0m - dagster - [34mDEBUG[0m - olist_daily_pipeline - bede24cc-0b68-4fd8-91b5-3afa88e07085 - 170676 - star_schema_build - STEP_START - Started execution of step "star_schema_build".
[32m2026-06-03 01:13:23 +0800[0m - dagster - [34mINFO[0m - olist_daily_pipeline - bede24cc-0b68-4fd8-91b5-3afa88e07085 - star_schema_build -   ✅ DROP   DimDate                             (1.3s)
  ✅ CREATE DimDate                             (2.9s)
  ✅ DROP   DimGeography                        (1.1s)
  ✅ CREATE DimGeography                        (5.4s)
  ✅ DROP   DimCustomer                         (1.1s)
  ✅ CREATE DimCustomer                         (4.6s)
  ✅ DROP   DimProduct                          (1.1s)
  ✅ CREATE DimProduct                          (4.0s)
  ✅ DROP   DimSeller                           (1.0s)
  ✅ CREATE DimSeller                           (3.2s)
  ✅ DROP   DimPaymentType                      (1.1s)
  ✅ CREATE DimPaymentType                      (3.0s)
  ✅ DROP   DimMarketingChannel                 (1.2s)
  ✅ CREATE DimMarketingChannel                 (4.1s)
  ✅ DROP   FactOrders                          (1.0s)
  ✅ CREATE FactOrders                          (12.9s)
  ✅ DROP   FactOrderItems                      (1.0s)
  ✅ CREATE FactOrderItems                      (10.1s)
  ✅ DROP   FactMarketingFunnel                 (1.1s)
  ✅ CREATE FactMarketingFunnel                 (7.3s)
  ✅ DROP   FactPayments                        (1.0s)
  ✅ CREATE FactPayments                        (3.9s)

  Schema build complete — 22 statements, 0 errors, 0 quota warnings  (73.3s total)

[32m2026-06-03 01:13:23 +0800[0m - dagster - [34mDEBUG[0m - olist_daily_pipeline - bede24cc-0b68-4fd8-91b5-3afa88e07085 - 170676 - star_schema_build - STEP_OUTPUT - Yielded output "result" of type "Nothing". (Type check passed).
[32m2026-06-03 01:13:23 +0800[0m - dagster - [34mDEBUG[0m - olist_daily_pipeline - bede24cc-0b68-4fd8-91b5-3afa88e07085 - 170676 - star_schema_build - ASSET_MATERIALIZATION - Materialized value star_schema_build.
[32m2026-06-03 01:13:23 +0800[0m - dagster - [34mDEBUG[0m - olist_daily_pipeline - bede24cc-0b68-4fd8-91b5-3afa88e07085 - 170676 - star_schema_build - STEP_SUCCESS - Finished execution of step "star_schema_build" in 1m16s.
