[32m2026-06-03 01:10:50 +0800[0m - dagster - [34mDEBUG[0m - olist_daily_pipeline - b02cf393-5b89-4c29-94a9-0c3b8299efbe - 166498 - LOGS_CAPTURED - Started capturing logs in process (pid: 166498).
[32m2026-06-03 01:10:50 +0800[0m - dagster - [34mDEBUG[0m - olist_daily_pipeline - b02cf393-5b89-4c29-94a9-0c3b8299efbe - 166498 - meltano_core_extract_load - STEP_START - Started execution of step "meltano_core_extract_load".
[32m2026-06-03 01:10:51 +0800[0m - dagster - [34mINFO[0m - olist_daily_pipeline - b02cf393-5b89-4c29-94a9-0c3b8299efbe - meltano_core_extract_load - Running: python ingestion/ingest_to_bigquery.py
[32m2026-06-03 01:11:50 +0800[0m - dagster - [34mINFO[0m - olist_daily_pipeline - b02cf393-5b89-4c29-94a9-0c3b8299efbe - meltano_core_extract_load -   olist-analytics-01.olist_raw
2026-06-03 01:10:52,336 | INFO     | olist.ingestion |   Mode:      Full Refresh
2026-06-03 01:10:52,336 | INFO     | olist.ingestion |   Dry run:   False
2026-06-03 01:10:52,336 | INFO     | olist.ingestion | ============================================================
2026-06-03 01:10:53,768 | INFO     | olist.ingestion | BigQuery client initialised for project: olist-analytics-01
2026-06-03 01:10:53,769 | INFO     | olist.ingestion | Loading orders from olist_orders_dataset.csv
2026-06-03 01:10:54,817 | INFO     | olist.ingestion |   Loaded 99441 rows × 10 cols
2026-06-03 01:11:02,313 | INFO     | olist.ingestion |   ✅ Loaded 99441 rows → olist-analytics-01.olist_raw.raw_orders (7.4s)
2026-06-03 01:11:02,313 | INFO     | olist.ingestion | Loading order_items from olist_order_items_dataset.csv
2026-06-03 01:11:02,860 | INFO     | olist.ingestion |   Loaded 112650 rows × 9 cols
2026-06-03 01:11:09,730 | INFO     | olist.ingestion |   ✅ Loaded 112650 rows → olist-analytics-01.olist_raw.raw_order_items (6.8s)
2026-06-03 01:11:09,730 | INFO     | olist.ingestion | Loading customers from olist_customers_dataset.csv
2026-06-03 01:11:09,952 | INFO     | olist.ingestion |   Loaded 99441 rows × 7 cols
2026-06-03 01:11:17,889 | INFO     | olist.ingestion |   ✅ Loaded 99441 rows → olist-analytics-01.olist_raw.raw_customers (7.9s)
2026-06-03 01:11:17,890 | INFO     | olist.ingestion | Loading products from olist_products_dataset.csv
2026-06-03 01:11:17,919 | INFO     | olist.ingestion |   Loaded 32951 rows × 11 cols
2026-06-03 01:11:22,904 | INFO     | olist.ingestion |   ✅ Loaded 32951 rows → olist-analytics-01.olist_raw.raw_products (5.0s)
2026-06-03 01:11:22,905 | INFO     | olist.ingestion | Loading sellers from olist_sellers_dataset.csv
2026-06-03 01:11:22,913 | INFO     | olist.ingestion |   Loaded 3095 rows × 6 cols
2026-06-03 01:11:27,148 | INFO     | olist.ingestion |   ✅ Loaded 3095 rows → olist-analytics-01.olist_raw.raw_sellers (4.2s)
2026-06-03 01:11:27,148 | INFO     | olist.ingestion | Loading payments from olist_order_payments_dataset.csv
2026-06-03 01:11:27,213 | INFO     | olist.ingestion |   Loaded 103886 rows × 7 cols
2026-06-03 01:11:31,617 | INFO     | olist.ingestion |   ✅ Loaded 103886 rows → olist-analytics-01.olist_raw.raw_order_payments (4.4s)
2026-06-03 01:11:31,618 | INFO     | olist.ingestion | Loading reviews from olist_order_reviews_dataset.csv
2026-06-03 01:11:31,887 | INFO     | olist.ingestion |   Loaded 99224 rows × 9 cols
2026-06-03 01:11:38,929 | INFO     | olist.ingestion |   ✅ Loaded 99224 rows → olist-analytics-01.olist_raw.raw_order_reviews (7.0s)
2026-06-03 01:11:38,929 | INFO     | olist.ingestion | Loading category_translation from product_category_name_translation.csv
2026-06-03 01:11:38,933 | INFO     | olist.ingestion |   Loaded 71 rows × 4 cols
2026-06-03 01:11:43,469 | INFO     | olist.ingestion |   ✅ Loaded 71 rows → olist-analytics-01.olist_raw.raw_category_translation (4.5s)
2026-06-03 01:11:43,469 | INFO     | olist.ingestion | Loading mql from olist_marketing_qualified_leads_dataset.csv
2026-06-03 01:11:43,487 | INFO     | olist.ingestion |   Loaded 8000 rows × 6 cols
2026-06-03 01:11:47,275 | INFO     | olist.ingestion |   ✅ Loaded 8000 rows → olist-analytics-01.olist_raw.raw_marketing_qualified_leads (3.8s)
2026-06-03 01:11:47,275 | INFO     | olist.ingestion | Loading closed_deals from olist_closed_deals_dataset.csv
2026-06-03 01:11:47,285 | INFO     | olist.ingestion |   Loaded 842 rows × 16 cols
2026-06-03 01:11:50,804 | INFO     | olist.ingestion |   ✅ Loaded 842 rows → olist-analytics-01.olist_raw.raw_closed_deals (3.5s)
2026-06-03 01:11:50,818 | INFO     | olist.ingestion | ============================================================
2026-06-03 01:11:50,818 | INFO     | olist.ingestion | INGESTION COMPLETE: 10 succeeded, 0 failed
2026-06-03 01:11:50,818 | INFO     | olist.ingestion | ============================================================

[32m2026-06-03 01:11:51 +0800[0m - dagster - [34mDEBUG[0m - olist_daily_pipeline - b02cf393-5b89-4c29-94a9-0c3b8299efbe - 166498 - meltano_core_extract_load - STEP_OUTPUT - Yielded output "result" of type "Nothing". (Type check passed).
[32m2026-06-03 01:11:51 +0800[0m - dagster - [34mDEBUG[0m - olist_daily_pipeline - b02cf393-5b89-4c29-94a9-0c3b8299efbe - 166498 - meltano_core_extract_load - ASSET_MATERIALIZATION - Materialized value meltano_core_extract_load.
[32m2026-06-03 01:11:51 +0800[0m - dagster - [34mDEBUG[0m - olist_daily_pipeline - b02cf393-5b89-4c29-94a9-0c3b8299efbe - 166498 - meltano_core_extract_load - STEP_SUCCESS - Finished execution of step "meltano_core_extract_load" in 1m0s.
