[32m2026-06-03 01:11:59 +0800[0m - dagster - [34mDEBUG[0m - olist_daily_pipeline - b02cf393-5b89-4c29-94a9-0c3b8299efbe - 170350 - LOGS_CAPTURED - Started capturing logs in process (pid: 170350).
[32m2026-06-03 01:11:59 +0800[0m - dagster - [34mDEBUG[0m - olist_daily_pipeline - b02cf393-5b89-4c29-94a9-0c3b8299efbe - 170350 - star_schema_build - STEP_START - Started execution of step "star_schema_build".
[32m2026-06-03 01:12:57 +0800[0m - dagster - [34mINFO[0m - olist_daily_pipeline - b02cf393-5b89-4c29-94a9-0c3b8299efbe - star_schema_build -   ✅ DROP   DimDate                             (1.5s)
  ✅ CREATE DimDate                             (2.8s)
  ✅ DROP   DimGeography                        (1.4s)
  ✅ CREATE DimGeography                        (4.8s)
  ✅ DROP   DimCustomer                         (1.6s)
  ❌ CREATE DimCustomer                         404 Not found: Table olist-analytics-01:olist_analytics.DimGeography; reason: notFound, message: Not found: Table olist-analytics-01:olist_analytics.DimGeography
  ✅ DROP   DimProduct                          (1.1s)
  ✅ CREATE DimProduct                          (3.2s)
  ✅ DROP   DimSeller                           (1.1s)
  ✅ CREATE DimSeller                           (3.3s)
  ✅ DROP   DimPaymentType                      (1.2s)
  ✅ CREATE DimPaymentType                      (3.0s)
  ✅ DROP   DimMarketingChannel                 (1.1s)
  ✅ CREATE DimMarketingChannel                 (3.3s)
  ✅ DROP   FactOrders                          (1.2s)
  ✅ CREATE FactOrders                          (12.2s)
  ✅ DROP   FactOrderItems                      (1.0s)
  ❌ CREATE FactOrderItems                      404 Not found: Table olist-analytics-01:olist_analytics.FactOrders was not found in location US; reason: notFound, message: Not found: Table olist-analytics-01:olist_analytics.FactOrders was not found in location US
  ✅ DROP   FactMarketingFunnel                 (1.0s)
  ✅ CREATE FactMarketingFunnel                 (6.6s)
  ✅ DROP   FactPayments                        (1.7s)
  ❌ CREATE FactPayments                        404 Not found: Table olist-analytics-01:olist_analytics.FactOrders was not found in location US; reason: notFound, message: Not found: Table olist-analytics-01:olist_analytics.FactOrders was not found in location US

  Schema build complete — 19 statements, 3 errors, 0 quota warnings  (55.8s total)

[32m2026-06-03 01:12:57 +0800[0m - dagster - [34mERROR[0m - [31molist_daily_pipeline - b02cf393-5b89-4c29-94a9-0c3b8299efbe - 170350 - star_schema_build - STEP_FAILURE - Execution of step "star_schema_build" failed.

dagster._core.definitions.events.Failure: Star schema DDL failed — warehouse/schema.sql execution error.

Stack Trace:
  File "/home/jinava/miniconda3/envs/olist/lib/python3.11/site-packages/dagster/_core/execution/plan/execute_plan.py", line 247, in dagster_event_sequence_for_step
    yield from check.generator(step_events)
  File "/home/jinava/miniconda3/envs/olist/lib/python3.11/site-packages/dagster/_core/execution/plan/execute_step.py", line 504, in core_dagster_event_sequence_for_step
    for user_event in _step_output_error_checked_user_event_sequence(
  File "/home/jinava/miniconda3/envs/olist/lib/python3.11/site-packages/dagster/_core/execution/plan/execute_step.py", line 183, in _step_output_error_checked_user_event_sequence
    for user_event in user_event_sequence:
  File "/home/jinava/miniconda3/envs/olist/lib/python3.11/site-packages/dagster/_core/execution/plan/execute_step.py", line 88, in _process_asset_results_to_events
    for user_event in user_event_sequence:
  File "/home/jinava/miniconda3/envs/olist/lib/python3.11/site-packages/dagster/_core/execution/plan/compute.py", line 188, in execute_core_compute
    for step_output in _yield_compute_results(step_context, inputs, compute_fn, compute_context):
  File "/home/jinava/miniconda3/envs/olist/lib/python3.11/site-packages/dagster/_core/execution/plan/compute.py", line 157, in _yield_compute_results
    for event in iterate_with_context(
  File "/home/jinava/miniconda3/envs/olist/lib/python3.11/site-packages/dagster/_utils/__init__.py", line 394, in iterate_with_context
    next_output = next(iterator)
                  ^^^^^^^^^^^^^^
  File "/home/jinava/miniconda3/envs/olist/lib/python3.11/site-packages/dagster/_core/execution/plan/compute_generator.py", line 135, in _coerce_op_compute_fn_to_iterator
    result = invoke_compute_fn(
             ^^^^^^^^^^^^^^^^^^
  File "/home/jinava/miniconda3/envs/olist/lib/python3.11/site-packages/dagster/_core/execution/plan/compute_generator.py", line 115, in invoke_compute_fn
    return fn(context, **args_to_pass) if context_arg_provided else fn(**args_to_pass)
           ^^^^^^^^^^^^^^^^^^^^^^^^^^^
  File "/home/jinava/olist_platform/orchestration/dagster/assets/dbt_assets.py", line 128, in star_schema_build
    raise Failure(
[0m
