[32m2026-06-03 01:10:30 +0800[0m - dagster - [34mDEBUG[0m - olist_daily_pipeline - b02cf393-5b89-4c29-94a9-0c3b8299efbe - 165376 - LOGS_CAPTURED - Started capturing logs in process (pid: 165376).
[32m2026-06-03 01:10:30 +0800[0m - dagster - [34mDEBUG[0m - olist_daily_pipeline - b02cf393-5b89-4c29-94a9-0c3b8299efbe - 165376 - dq_core_validation - STEP_START - Started execution of step "dq_core_validation".
[32m2026-06-03 01:10:35 +0800[0m - dagster - [34mINFO[0m - olist_daily_pipeline - b02cf393-5b89-4c29-94a9-0c3b8299efbe - dq_core_validation - Loading datasets from: data/raw

============================================================
DATA QUALITY REPORT — 2026-06-02 17:10 UTC
============================================================
Total checks : 45
Passed       : 45 (100.0%)
Failed       : 0 (0.0%)
============================================================

Results saved to /home/jinava/olist_platform/logs/dq_results.csv

[32m2026-06-03 01:10:35 +0800[0m - dagster - [34mWARNING[0m - olist_daily_pipeline - b02cf393-5b89-4c29-94a9-0c3b8299efbe - dq_core_validation -  INFO     | ✅ PASS | reviews.review_score | between | violations=0 (min=1, max=5)
2026-06-03 01:10:35,279 | INFO     | ✅ PASS | mql.mql_id | not_null | null_rate=0.00% (threshold=0.0%)
2026-06-03 01:10:35,281 | INFO     | ✅ PASS | mql.mql_id | unique | duplicate_count=0
2026-06-03 01:10:35,282 | INFO     | ✅ PASS | mql.first_contact_date | not_null | null_rate=0.00% (threshold=0.0%)
2026-06-03 01:10:35,284 | INFO     | ✅ PASS | mql.origin | not_null | null_rate=0.75% (threshold=1.0%)
2026-06-03 01:10:35,284 | INFO     | ✅ PASS | closed_deals.mql_id | not_null | null_rate=0.00% (threshold=0.0%)
2026-06-03 01:10:35,285 | INFO     | ✅ PASS | closed_deals.seller_id | not_null | null_rate=0.00% (threshold=0.0%)
2026-06-03 01:10:35,289 | INFO     | ✅ PASS | closed_deals.mql_id | referential_integrity | orphaned_keys=0 in closed_deals.mql_id not in mql.mql_id
2026-06-03 01:10:35,337 | INFO     | ✅ PASS | marketing_funnel.multiple | business_rule:won_after_contact | violations=1 (threshold=1)

[32m2026-06-03 01:10:35 +0800[0m - dagster - [34mDEBUG[0m - olist_daily_pipeline - b02cf393-5b89-4c29-94a9-0c3b8299efbe - 165376 - dq_core_validation - STEP_OUTPUT - Yielded output "result" of type "Nothing". (Type check passed).
[32m2026-06-03 01:10:35 +0800[0m - dagster - [34mDEBUG[0m - olist_daily_pipeline - b02cf393-5b89-4c29-94a9-0c3b8299efbe - 165376 - dq_core_validation - ASSET_MATERIALIZATION - Materialized value dq_core_validation.
[32m2026-06-03 01:10:35 +0800[0m - dagster - [34mDEBUG[0m - olist_daily_pipeline - b02cf393-5b89-4c29-94a9-0c3b8299efbe - 165376 - dq_core_validation - STEP_SUCCESS - Finished execution of step "dq_core_validation" in 5.62s.
